Using pre-set license
Built from '2022.3/release' branch; Version is '2022.3.18f1 (d29bea25151d) revision 13802474'; Using compiler version '192829333'; Build Type 'Release'
OS: 'Windows 10  (10.0.19045) 64bit Core' Language: 'en' Physical Memory: 40833 MB
BatchMode: 1, IsHumanControllingUs: 0, StartBugReporterOnCrash: 0, Is64bit: 1, IsPro: 1

COMMAND LINE ARGUMENTS:
C:\Program Files\Unity\Hub\Editor\2022.3.18f1\Editor\Unity.exe
-adb2
-batchMode
-noUpm
-name
AssetImportWorker0
-projectPath
C:/Users/viola/Tower_Defense_1/Tower_Defense_1
-logFile
Logs/AssetImportWorker0.log
-srvPort
61794
Successfully changed project path to: C:/Users/viola/Tower_Defense_1/Tower_Defense_1
C:/Users/viola/Tower_Defense_1/Tower_Defense_1
[UnityMemory] Configuration Parameters - Can be set up in boot.config
    "memorysetup-bucket-allocator-granularity=16"
    "memorysetup-bucket-allocator-bucket-count=8"
    "memorysetup-bucket-allocator-block-size=33554432"
    "memorysetup-bucket-allocator-block-count=8"
    "memorysetup-main-allocator-block-size=16777216"
    "memorysetup-thread-allocator-block-size=16777216"
    "memorysetup-gfx-main-allocator-block-size=16777216"
    "memorysetup-gfx-thread-allocator-block-size=16777216"
    "memorysetup-cache-allocator-block-size=4194304"
    "memorysetup-typetree-allocator-block-size=2097152"
    "memorysetup-profiler-bucket-allocator-granularity=16"
    "memorysetup-profiler-bucket-allocator-bucket-count=8"
    "memorysetup-profiler-bucket-allocator-block-size=33554432"
    "memorysetup-profiler-bucket-allocator-block-count=8"
    "memorysetup-profiler-allocator-block-size=16777216"
    "memorysetup-profiler-editor-allocator-block-size=1048576"
    "memorysetup-temp-allocator-size-main=16777216"
    "memorysetup-job-temp-allocator-block-size=2097152"
    "memorysetup-job-temp-allocator-block-size-background=1048576"
    "memorysetup-job-temp-allocator-reduction-small-platforms=262144"
    "memorysetup-allocator-temp-initial-block-size-main=262144"
    "memorysetup-allocator-temp-initial-block-size-worker=262144"
    "memorysetup-temp-allocator-size-background-worker=32768"
    "memorysetup-temp-allocator-size-job-worker=262144"
    "memorysetup-temp-allocator-size-preload-manager=33554432"
    "memorysetup-temp-allocator-size-nav-mesh-worker=65536"
    "memorysetup-temp-allocator-size-audio-worker=65536"
    "memorysetup-temp-allocator-size-cloud-worker=32768"
    "memorysetup-temp-allocator-size-gi-baking-worker=262144"
    "memorysetup-temp-allocator-size-gfx=262144"
Player connection [9580] Host "[IP] 10.9.146.178 [Port] 0 [Flags] 2 [Guid] 236329122 [EditorId] 236329122 [Version] 1048832 [Id] WindowsEditor(7,DESKTOP-BS66RSM) [Debug] 1 [PackageName] WindowsEditor [ProjectName] Editor" joined multi-casting on [225.0.0.222:54997]...

Player connection [9580] Host "[IP] 10.9.146.178 [Port] 0 [Flags] 2 [Guid] 236329122 [EditorId] 236329122 [Version] 1048832 [Id] WindowsEditor(7,DESKTOP-BS66RSM) [Debug] 1 [PackageName] WindowsEditor [ProjectName] Editor" joined alternative multi-casting on [225.0.0.222:34997]...

[Physics::Module] Initialized MultithreadedJobDispatcher with 15 workers.
Refreshing native plugins compatible for Editor in 13.45 ms, found 3 plugins.
Preloading 0 native plugins for Editor in 0.00 ms.
Initialize engine version: 2022.3.18f1 (d29bea25151d)
[Subsystems] Discovering subsystems at path C:/Program Files/Unity/Hub/Editor/2022.3.18f1/Editor/Data/Resources/UnitySubsystems
[Subsystems] Discovering subsystems at path C:/Users/viola/Tower_Defense_1/Tower_Defense_1/Assets
GfxDevice: creating device client; threaded=0; jobified=0
Direct3D:
    Version:  Direct3D 11.0 [level 11.1]
    Renderer: NVIDIA GeForce RTX 2080 SUPER (ID=0x1e81)
    Vendor:   NVIDIA
    VRAM:     7987 MB
    Driver:   31.0.15.5134
Initialize mono
Mono path[0] = 'C:/Program Files/Unity/Hub/Editor/2022.3.18f1/Editor/Data/Managed'
Mono path[1] = 'C:/Program Files/Unity/Hub/Editor/2022.3.18f1/Editor/Data/MonoBleedingEdge/lib/mono/unityjit-win32'
Mono config path = 'C:/Program Files/Unity/Hub/Editor/2022.3.18f1/Editor/Data/MonoBleedingEdge/etc'
Using monoOptions --debugger-agent=transport=dt_socket,embedding=1,server=y,suspend=n,address=127.0.0.1:56936
Begin MonoManager ReloadAssembly
Registering precompiled unity dll's ...
Register platform support module: C:/Program Files/Unity/Hub/Editor/2022.3.18f1/Editor/Data/PlaybackEngines/WebGLSupport/UnityEditor.WebGL.Extensions.dll
Register platform support module: C:/Program Files/Unity/Hub/Editor/2022.3.18f1/Editor/Data/PlaybackEngines/WindowsStandaloneSupport/UnityEditor.WindowsStandalone.Extensions.dll
Registered in 0.014013 seconds.
- Loaded All Assemblies, in  0.354 seconds
Native extension for WindowsStandalone target not found
Native extension for WebGL target not found
Mono: successfully reloaded assembly
- Finished resetting the current domain, in  0.250 seconds
Domain Reload Profiling: 601ms
	BeginReloadAssembly (105ms)
		ExecutionOrderSort (0ms)
		DisableScriptedObjects (0ms)
		BackupInstance (0ms)
		ReleaseScriptingObjects (0ms)
		CreateAndSetChildDomain (1ms)
	RebuildCommonClasses (30ms)
	RebuildNativeTypeToScriptingClass (10ms)
	initialDomainReloadingComplete (66ms)
	LoadAllAssembliesAndSetupDomain (140ms)
		LoadAssemblies (102ms)
		RebuildTransferFunctionScriptingTraits (0ms)
		AnalyzeDomain (137ms)
			TypeCache.Refresh (136ms)
				TypeCache.ScanAssembly (119ms)
			ScanForSourceGeneratedMonoScriptInfo (0ms)
			ResolveRequiredComponents (1ms)
	FinalizeReload (251ms)
		ReleaseScriptCaches (0ms)
		RebuildScriptCaches (0ms)
		SetupLoadedEditorAssemblies (198ms)
			LogAssemblyErrors (0ms)
			InitializePlatformSupportModulesInManaged (13ms)
			SetLoadedEditorAssemblies (5ms)
			RefreshPlugins (0ms)
			BeforeProcessingInitializeOnLoad (2ms)
			ProcessInitializeOnLoadAttributes (134ms)
			ProcessInitializeOnLoadMethodAttributes (44ms)
			AfterProcessingInitializeOnLoad (0ms)
			EditorAssembliesLoaded (0ms)
		ExecutionOrderSort2 (0ms)
		AwakeInstancesAfterBackupRestoration (0ms)
========================================================================
Worker process is ready to serve import requests
Begin MonoManager ReloadAssembly
- Loaded All Assemblies, in  0.633 seconds
Refreshing native plugins compatible for Editor in 5.69 ms, found 3 plugins.
Native extension for WindowsStandalone target not found
Native extension for WebGL target not found
Package Manager log level set to [2]
[Package Manager] Server::EnsureServerProcessIsRunning -- launch failed, reason: Unity was launched with the -noUpm command-line argument
[Package Manager] UpmClient::Send -- Unable to send message (not connected to UPM process).
[Package Manager] Cannot connect to Unity Package Manager local server
Mono: successfully reloaded assembly
- Finished resetting the current domain, in  0.702 seconds
Domain Reload Profiling: 1330ms
	BeginReloadAssembly (146ms)
		ExecutionOrderSort (0ms)
		DisableScriptedObjects (5ms)
		BackupInstance (0ms)
		ReleaseScriptingObjects (0ms)
		CreateAndSetChildDomain (20ms)
	RebuildCommonClasses (31ms)
	RebuildNativeTypeToScriptingClass (9ms)
	initialDomainReloadingComplete (44ms)
	LoadAllAssembliesAndSetupDomain (398ms)
		LoadAssemblies (322ms)
		RebuildTransferFunctionScriptingTraits (0ms)
		AnalyzeDomain (162ms)
			TypeCache.Refresh (143ms)
				TypeCache.ScanAssembly (131ms)
			ScanForSourceGeneratedMonoScriptInfo (13ms)
			ResolveRequiredComponents (4ms)
	FinalizeReload (702ms)
		ReleaseScriptCaches (0ms)
		RebuildScriptCaches (0ms)
		SetupLoadedEditorAssemblies (562ms)
			LogAssemblyErrors (0ms)
			InitializePlatformSupportModulesInManaged (9ms)
			SetLoadedEditorAssemblies (4ms)
			RefreshPlugins (0ms)
			BeforeProcessingInitializeOnLoad (69ms)
			ProcessInitializeOnLoadAttributes (442ms)
			ProcessInitializeOnLoadMethodAttributes (20ms)
			AfterProcessingInitializeOnLoad (18ms)
			EditorAssembliesLoaded (0ms)
		ExecutionOrderSort2 (0ms)
		AwakeInstancesAfterBackupRestoration (7ms)
Launched and connected shader compiler UnityShaderCompiler.exe after 0.05 seconds
Refreshing native plugins compatible for Editor in 5.95 ms, found 3 plugins.
Preloading 0 native plugins for Editor in 0.00 ms.
Unloading 3133 Unused Serialized files (Serialized files now loaded: 0)
Unloading 32 unused Assets / (57.4 KB). Loaded Objects now: 3616.
Memory consumption went from 142.1 MB to 142.0 MB.
Total: 5.477600 ms (FindLiveObjects: 0.403900 ms CreateObjectMapping: 0.244000 ms MarkObjects: 4.700200 ms  DeleteObjects: 0.128200 ms)

AssetImportParameters requested are different than current active one (requested -> active):
  custom:container-demuxer-ogg: 62fdf1f143b41e24485cea50d1cbac27 -> 
  custom:video-codec-MediaFoundation-h265: 746d11721c4dcdbdad8f713fa42b33f4 -> 
  custom:video-decoder-ogg-theora: a1e56fd34408186e4bbccfd4996cb3dc -> 
  custom:framework-win-MediaFoundation: 216162199b28c13a410421893ffa2e32 -> 
  custom:CustomObjectIndexerAttribute: 6d391050e5a25f67b0a2c618074f2cd9 -> 
  custom:container-demuxer-webm: 4f35f7cbe854078d1ac9338744f61a02 -> 
  custom:container-muxer-webm: aa71ff27fc2769a1b78a27578f13a17b -> 
  custom:video-decoder-webm-vp8: 9c59270c3fd7afecdb556c50c9e8de78 -> 
  custom:SearchIndexIgnoredProperties: e643bd26f0fe6173181afceb89e7c659 -> 
  custom:AudioImporter_EditorPlatform: d09bf68614088b80899f8185d706f6e7 -> 
  custom:video-encoder-webm-vp8: eb34c28f22e8b96e1ab97ce403110664 -> 
  custom:audio-decoder-ogg-vorbis: bf7c407c2cedff20999df2af8eb42d56 -> 
  custom:audio-encoder-webm-vorbis: bf7c407c2cedff20999df2af8eb42d56 -> 
========================================================================
Received Import Request.
  Time since last request: 1709698.285483 seconds.
  path: Assets/Imports/Standard Turret
  artifactKey: Guid(30129c9cb3a98aa41bb786d3c5ae2d5b) Importer(815301076,1909f56bfc062723c751e8b465ee728b)
Start importing Assets/Imports/Standard Turret using Guid(30129c9cb3a98aa41bb786d3c5ae2d5b) Importer(815301076,1909f56bfc062723c751e8b465ee728b)  -> (artifact id: 'e978f172f9f155cd26b9225fd5fcedc5') in 0.002084 seconds
Number of updated asset objects reloaded before import = 0
Number of asset objects unloaded after import = 0
========================================================================
Received Import Request.
  Time since last request: 11.988084 seconds.
  path: Assets/Imports/Missile Turret
  artifactKey: Guid(2c028c48b4f40634cb9f514d4fba2e5e) Importer(815301076,1909f56bfc062723c751e8b465ee728b)
Start importing Assets/Imports/Missile Turret using Guid(2c028c48b4f40634cb9f514d4fba2e5e) Importer(815301076,1909f56bfc062723c751e8b465ee728b)  -> (artifact id: '85b810642ac5dad4adacc45f22c41363') in 0.000460 seconds
Number of updated asset objects reloaded before import = 0
Number of asset objects unloaded after import = 0
========================================================================
Received Import Request.
  Time since last request: 26.672899 seconds.
  path: Assets/Imports/Standard Turret/Materials
  artifactKey: Guid(207b88fc986317e4c8eb59c1c71d9ed2) Importer(815301076,1909f56bfc062723c751e8b465ee728b)
Start importing Assets/Imports/Standard Turret/Materials using Guid(207b88fc986317e4c8eb59c1c71d9ed2) Importer(815301076,1909f56bfc062723c751e8b465ee728b)  -> (artifact id: 'b76ea356b12933b9d0cd8a1db6dd1ac6') in 0.000392 seconds
Number of updated asset objects reloaded before import = 0
Number of asset objects unloaded after import = 0
========================================================================
Received Import Request.
  Time since last request: 8.337829 seconds.
  path: Assets/Imports/Missile Turret/Missile Launcher.fbx
  artifactKey: Guid(4cd89b5b08ab1844aa02b2504f4e5233) Importer(815301076,1909f56bfc062723c751e8b465ee728b)
Start importing Assets/Imports/Missile Turret/Missile Launcher.fbx using Guid(4cd89b5b08ab1844aa02b2504f4e5233) Importer(815301076,1909f56bfc062723c751e8b465ee728b)  -> (artifact id: '97933c448050ca5a69c5b3760b8f68e5') in 0.209925 seconds
Number of updated asset objects reloaded before import = 0
Number of asset objects unloaded after import = 23
========================================================================
Received Import Request.
  Time since last request: 48.036867 seconds.
  path: Assets/Imports/Standard Turret/Turret.fbx
  artifactKey: Guid(ea92b58155d8ca846b4dbd0d205a7714) Importer(815301076,1909f56bfc062723c751e8b465ee728b)
Start importing Assets/Imports/Standard Turret/Turret.fbx using Guid(ea92b58155d8ca846b4dbd0d205a7714) Importer(815301076,1909f56bfc062723c751e8b465ee728b)  -> (artifact id: '7c144c0b47528cdfab45d05cab03c2f3') in 0.063467 seconds
Number of updated asset objects reloaded before import = 0
Number of asset objects unloaded after import = 17
========================================================================
Received Import Request.
  Time since last request: 16.113574 seconds.
  path: Assets/Imports/Missile Turret/Missile Launcher.fbx
  artifactKey: Guid(4cd89b5b08ab1844aa02b2504f4e5233) Importer(815301076,1909f56bfc062723c751e8b465ee728b)
Start importing Assets/Imports/Missile Turret/Missile Launcher.fbx using Guid(4cd89b5b08ab1844aa02b2504f4e5233) Importer(815301076,1909f56bfc062723c751e8b465ee728b)  -> (artifact id: 'd6db940591f84fbb72810826488c8b52') in 0.114881 seconds
Number of updated asset objects reloaded before import = 0
Number of asset objects unloaded after import = 24
========================================================================
Received Import Request.
  Time since last request: 69.795923 seconds.
  path: Assets/Imports/Missile Turret/Missile Launcher.fbx
  artifactKey: Guid(4cd89b5b08ab1844aa02b2504f4e5233) Importer(815301076,1909f56bfc062723c751e8b465ee728b)
Start importing Assets/Imports/Missile Turret/Missile Launcher.fbx using Guid(4cd89b5b08ab1844aa02b2504f4e5233) Importer(815301076,1909f56bfc062723c751e8b465ee728b)  -> (artifact id: '474e648a59fa15089f53dd56f45c0b9d') in 0.146331 seconds
Number of updated asset objects reloaded before import = 0
Number of asset objects unloaded after import = 24
========================================================================
Received Import Request.
  Time since last request: 128.125862 seconds.
  path: Assets/Imports/Missile Turret/Materials
  artifactKey: Guid(a938b4fd107e2c54e9496b30215a37e8) Importer(815301076,1909f56bfc062723c751e8b465ee728b)
Start importing Assets/Imports/Missile Turret/Materials using Guid(a938b4fd107e2c54e9496b30215a37e8) Importer(815301076,1909f56bfc062723c751e8b465ee728b)  -> (artifact id: '00ffb76dbb1bd1c70602644e66b5ca5e') in 0.000538 seconds
Number of updated asset objects reloaded before import = 0
Number of asset objects unloaded after import = 0
========================================================================
Received Import Request.
  Time since last request: 98.465165 seconds.
  path: Assets/Imports/Missile Turret/MissileLauncher.fbx
  artifactKey: Guid(4cd89b5b08ab1844aa02b2504f4e5233) Importer(815301076,1909f56bfc062723c751e8b465ee728b)
Start importing Assets/Imports/Missile Turret/MissileLauncher.fbx using Guid(4cd89b5b08ab1844aa02b2504f4e5233) Importer(815301076,1909f56bfc062723c751e8b465ee728b)  -> (artifact id: '1b34a2bd6519ac6e44a21cc3390ee73d') in 0.038654 seconds
Number of updated asset objects reloaded before import = 0
Number of asset objects unloaded after import = 24
========================================================================
Received Import Request.
  Time since last request: 164.273754 seconds.
  path: Assets/Prefabs
  artifactKey: Guid(1d0e65d79c03bf443be6527de072ada7) Importer(815301076,1909f56bfc062723c751e8b465ee728b)
Start importing Assets/Prefabs using Guid(1d0e65d79c03bf443be6527de072ada7) Importer(815301076,1909f56bfc062723c751e8b465ee728b)  -> (artifact id: '702e986e2ada185e4eec3862cff91d7f') in 0.000615 seconds
Number of updated asset objects reloaded before import = 0
Number of asset objects unloaded after import = 0
========================================================================
Received Import Request.
  Time since last request: 1.988200 seconds.
  path: Assets/Prefabs/Turret.prefab
  artifactKey: Guid(45fdc13ae7e5dcb4da697421fce2eff9) Importer(815301076,1909f56bfc062723c751e8b465ee728b)
Start importing Assets/Prefabs/Turret.prefab using Guid(45fdc13ae7e5dcb4da697421fce2eff9) Importer(815301076,1909f56bfc062723c751e8b465ee728b)  -> (artifact id: '04e63e310996ee9fc6a1f45a709c376e') in 0.017900 seconds
Number of updated asset objects reloaded before import = 0
Number of asset objects unloaded after import = 35
========================================================================
Received Import Request.
  Time since last request: 16.744361 seconds.
  path: Assets/Prefabs/Missile Launcher.prefab
  artifactKey: Guid(5109699323cb4814180508718fb4b97e) Importer(815301076,1909f56bfc062723c751e8b465ee728b)
Start importing Assets/Prefabs/Missile Launcher.prefab using Guid(5109699323cb4814180508718fb4b97e) Importer(815301076,1909f56bfc062723c751e8b465ee728b)  -> (artifact id: '3863cc5a0371aaec1301969b089122df') in 0.008597 seconds
Number of updated asset objects reloaded before import = 0
Number of asset objects unloaded after import = 44
========================================================================
Received Import Request.
  Time since last request: 7.521093 seconds.
  path: Assets/Prefabs/MissileLauncher.prefab
  artifactKey: Guid(5109699323cb4814180508718fb4b97e) Importer(815301076,1909f56bfc062723c751e8b465ee728b)
Start importing Assets/Prefabs/MissileLauncher.prefab using Guid(5109699323cb4814180508718fb4b97e) Importer(815301076,1909f56bfc062723c751e8b465ee728b)  -> (artifact id: '97e864322ca972d693e4bffed5d20da3') in 0.014424 seconds
Number of updated asset objects reloaded before import = 0
Number of asset objects unloaded after import = 44
========================================================================
Received Import Request.
  Time since last request: 28.001060 seconds.
  path: Assets/Prefabs/MissileLauncher.prefab
  artifactKey: Guid(5109699323cb4814180508718fb4b97e) Importer(815301076,1909f56bfc062723c751e8b465ee728b)
Start importing Assets/Prefabs/MissileLauncher.prefab using Guid(5109699323cb4814180508718fb4b97e) Importer(815301076,1909f56bfc062723c751e8b465ee728b)  -> (artifact id: 'd53393a6c7e231d2beea602b51363e71') in 0.007379 seconds
Number of updated asset objects reloaded before import = 0
Number of asset objects unloaded after import = 40
========================================================================
Received Import Request.
  Time since last request: 42.653567 seconds.
  path: Assets/Prefabs/MissileLauncher.prefab
  artifactKey: Guid(5109699323cb4814180508718fb4b97e) Importer(815301076,1909f56bfc062723c751e8b465ee728b)
Start importing Assets/Prefabs/MissileLauncher.prefab using Guid(5109699323cb4814180508718fb4b97e) Importer(815301076,1909f56bfc062723c751e8b465ee728b)  -> (artifact id: '296f2e1c9c391a78b92f4d2d4b708d6e') in 0.016382 seconds
Number of updated asset objects reloaded before import = 0
Number of asset objects unloaded after import = 39
========================================================================
Received Import Request.
  Time since last request: 138.699998 seconds.
  path: Assets/Prefabs/MissileLauncher.prefab
  artifactKey: Guid(5109699323cb4814180508718fb4b97e) Importer(815301076,1909f56bfc062723c751e8b465ee728b)
Start importing Assets/Prefabs/MissileLauncher.prefab using Guid(5109699323cb4814180508718fb4b97e) Importer(815301076,1909f56bfc062723c751e8b465ee728b)  -> (artifact id: 'd0049d4d044036470c1badfaca3df80c') in 0.007714 seconds
Number of updated asset objects reloaded before import = 0
Number of asset objects unloaded after import = 40
